
================================================================
  Bug Council: coconut (web)
================================================================
Creating worktree for coconut...
HEAD is now at 976ba56 chore: trigger deploy for Vercel [skip ci]
Your branch is behind 'origin/main' by 13 commits, and can be fast-forwarded.
  (use "git pull" to update your local branch)
HEAD is now at 5268b62 chore: trigger deploy for Vercel [skip ci]

added 451 packages in 34s

82 packages are looking for funding
  run `npm fund` for details
Starting Bug Council audit for coconut...
PR #85 created for coconut. Polling CI...
CI passed for coconut!
https://github.com/Coconut-Banking/coconut/pull/85#issuecomment-4069625087

================================================================
  Bug Council: coconut-app (mobile)
================================================================
Creating worktree for coconut-app...
HEAD is now at 00f43b7 Skip auth mode, fix reload spinner, bypass Clerk for UI preview
Your branch is behind 'upstream/main' by 7 commits, and can be fast-forwarded.
  (use "git pull" to update your local branch)
HEAD is now at 00f43b7 Skip auth mode, fix reload spinner, bypass Clerk for UI preview

added 1339 packages in 21s

107 packages are looking for funding
  run `npm fund` for details
Starting Bug Council audit for coconut-app...
PR #12 created for coconut-app. Polling CI...
Poll 1/60 for coconut-app: CI still running...
Poll 2/60 for coconut-app: CI still running...
Poll 3/60 for coconut-app: CI still running...
Poll 4/60 for coconut-app: CI still running...
Poll 5/60 for coconut-app: CI still running...
Poll 6/60 for coconut-app: CI still running...
Poll 7/60 for coconut-app: CI still running...
Poll 8/60 for coconut-app: CI still running...
Poll 9/60 for coconut-app: CI still running...
Poll 10/60 for coconut-app: CI still running...
Poll 11/60 for coconut-app: CI still running...
Poll 12/60 for coconut-app: CI still running...
Poll 13/60 for coconut-app: CI still running...
Poll 14/60 for coconut-app: CI still running...
Poll 15/60 for coconut-app: CI still running...
Poll 16/60 for coconut-app: CI still running...
Poll 17/60 for coconut-app: CI still running...
Poll 18/60 for coconut-app: CI still running...
Poll 19/60 for coconut-app: CI still running...
Poll 20/60 for coconut-app: CI still running...
Poll 21/60 for coconut-app: CI still running...
Poll 22/60 for coconut-app: CI still running...
Poll 23/60 for coconut-app: CI still running...
Poll 24/60 for coconut-app: CI still running...
Poll 25/60 for coconut-app: CI still running...
Poll 26/60 for coconut-app: CI still running...
Poll 27/60 for coconut-app: CI still running...
Poll 28/60 for coconut-app: CI still running...
Poll 29/60 for coconut-app: CI still running...
Poll 30/60 for coconut-app: CI still running...
Poll 31/60 for coconut-app: CI still running...
Poll 32/60 for coconut-app: CI still running...
Poll 33/60 for coconut-app: CI still running...
Poll 34/60 for coconut-app: CI still running...
Poll 35/60 for coconut-app: CI still running...
Poll 36/60 for coconut-app: CI still running...
Poll 37/60 for coconut-app: CI still running...
Poll 38/60 for coconut-app: CI still running...
Poll 39/60 for coconut-app: CI still running...
Poll 40/60 for coconut-app: CI still running...
Poll 41/60 for coconut-app: CI still running...
Poll 42/60 for coconut-app: CI still running...
Poll 43/60 for coconut-app: CI still running...
Poll 44/60 for coconut-app: CI still running...
Poll 45/60 for coconut-app: CI still running...
Poll 46/60 for coconut-app: CI still running...
Poll 47/60 for coconut-app: CI still running...
Poll 48/60 for coconut-app: CI still running...
Poll 49/60 for coconut-app: CI still running...
Poll 50/60 for coconut-app: CI still running...
Poll 51/60 for coconut-app: CI still running...
Poll 52/60 for coconut-app: CI still running...
Poll 53/60 for coconut-app: CI still running...
Poll 54/60 for coconut-app: CI still running...
Poll 55/60 for coconut-app: CI still running...
Poll 56/60 for coconut-app: CI still running...
Poll 57/60 for coconut-app: CI still running...
Poll 58/60 for coconut-app: CI still running...
Poll 59/60 for coconut-app: CI still running...
Poll 60/60 for coconut-app: CI still running...
https://github.com/Coconut-Banking/coconut-app/pull/12#issuecomment-4070172438
Cleaning up...

================================================================
  Bug Council: coconut (web)
================================================================
M	app/app/email-receipts/page.tsx
M	app/app/transactions/page.tsx
HEAD is now at 596aa36 chore: trigger deploy for Vercel [skip ci]

up to date in 779ms

82 packages are looking for funding
  run `npm fund` for details
Starting Bug Council audit for coconut...
PR #90 created for coconut.
Polling CI for PR #90...
CI passed for coconut!
https://github.com/Coconut-Banking/coconut/pull/90#issuecomment-4076926663

================================================================
  Bug Council: coconut-app (mobile)
================================================================
HEAD is now at 00f43b7 Skip auth mode, fix reload spinner, bypass Clerk for UI preview

up to date in 2s

107 packages are looking for funding
  run `npm fund` for details
Starting Bug Council audit for coconut-app...
PR #16 created for coconut-app.
PR #16 has merge conflicts. Auto-resolving...
Merge conflicts resolved for coconut-app.
Polling CI for PR #16...
CI failed for coconut-app. Spawning fix agent (attempt 1)...
Poll 2/60 for coconut-app: CI still running...
CI passed for coconut-app!
https://github.com/Coconut-Banking/coconut-app/pull/16#issuecomment-4077194733
Cleaning up...

================================================================
  Bug Council: coconut (web)
================================================================
HEAD is now at 71dc420 chore: trigger deploy for Vercel [skip ci]

added 232 packages in 3s

193 packages are looking for funding
  run `npm fund` for details
Starting Bug Council audit for coconut...
PR #91 created for coconut.
Polling CI for PR #91...
CI passed for coconut!
https://github.com/Coconut-Banking/coconut/pull/91#issuecomment-4084658723

================================================================
  Bug Council: coconut-app (mobile)
================================================================
HEAD is now at 00f43b7 Skip auth mode, fix reload spinner, bypass Clerk for UI preview

up to date in 2s

107 packages are looking for funding
  run `npm fund` for details
Starting Bug Council audit for coconut-app...
PR #17 created for coconut-app.
PR #17 has merge conflicts. Auto-resolving...
Merge conflicts resolved for coconut-app.
Polling CI for PR #17...
CI failed for coconut-app. Spawning fix agent (attempt 1)...
Poll 2/60 for coconut-app: CI still running...
CI passed for coconut-app!
https://github.com/Coconut-Banking/coconut-app/pull/17#issuecomment-4084816373
Cleaning up...
