
================================================================
  Bug Council: coconut (web)
================================================================
HEAD is now at 71dc420 chore: trigger deploy for Vercel [skip ci]

added 232 packages in 3s

193 packages are looking for funding
  run `npm fund` for details
Starting Bug Council audit for coconut...
PR #91 created for coconut.
Polling CI for PR #91...
CI passed for coconut!
https://github.com/Coconut-Banking/coconut/pull/91#issuecomment-4084658723

================================================================
  Bug Council: coconut-app (mobile)
================================================================
HEAD is now at 00f43b7 Skip auth mode, fix reload spinner, bypass Clerk for UI preview

up to date in 2s

107 packages are looking for funding
  run `npm fund` for details
Starting Bug Council audit for coconut-app...
PR #17 created for coconut-app.
PR #17 has merge conflicts. Auto-resolving...
Merge conflicts resolved for coconut-app.
Polling CI for PR #17...
CI failed for coconut-app. Spawning fix agent (attempt 1)...
Poll 2/60 for coconut-app: CI still running...
CI passed for coconut-app!
https://github.com/Coconut-Banking/coconut-app/pull/17#issuecomment-4084816373
Cleaning up...
