
================================================================
  Bug Council: coconut (web)
================================================================
M	app/app/email-receipts/page.tsx
M	app/app/transactions/page.tsx
HEAD is now at 596aa36 chore: trigger deploy for Vercel [skip ci]

up to date in 779ms

82 packages are looking for funding
  run `npm fund` for details
Starting Bug Council audit for coconut...
PR #90 created for coconut.
Polling CI for PR #90...
CI passed for coconut!
https://github.com/Coconut-Banking/coconut/pull/90#issuecomment-4076926663

================================================================
  Bug Council: coconut-app (mobile)
================================================================
HEAD is now at 00f43b7 Skip auth mode, fix reload spinner, bypass Clerk for UI preview

up to date in 2s

107 packages are looking for funding
  run `npm fund` for details
Starting Bug Council audit for coconut-app...
PR #16 created for coconut-app.
PR #16 has merge conflicts. Auto-resolving...
Merge conflicts resolved for coconut-app.
Polling CI for PR #16...
CI failed for coconut-app. Spawning fix agent (attempt 1)...
Poll 2/60 for coconut-app: CI still running...
CI passed for coconut-app!
https://github.com/Coconut-Banking/coconut-app/pull/16#issuecomment-4077194733
Cleaning up...
